<?xml version="1.0" encoding="UTF-8"?>
<robot generator="Robot 3.2.2 (Python 3.9.0 on win32)" generated="20210215 14:08:47.166" rpa="false">
<suite id="s1" name="Tests Creation" source="C:\wamp\www\API_Projet\ServiceWeb\Tests\tests_creation.robot">
<test id="s1-t1" name="Test nouveau compte">
<kw name="Open Browser" library="SeleniumLibrary">
<doc>Opens a new browser instance to the optional ``url``.</doc>
<arguments>
<arg>http://localhost/API_Projet/ServiceWeb/Website/index.php</arg>
<arg>chrome</arg>
</arguments>
<msg timestamp="20210215 14:08:47.368" level="INFO">Opening browser 'chrome' to base url 'http://localhost/API_Projet/ServiceWeb/Website/index.php'.</msg>
<status status="PASS" starttime="20210215 14:08:47.367" endtime="20210215 14:08:50.134"></status>
</kw>
<kw name="Wait Until Element Is Visible" library="SeleniumLibrary">
<doc>Waits until the element ``locator`` is visible.</doc>
<arguments>
<arg>class=nav-link</arg>
</arguments>
<status status="PASS" starttime="20210215 14:08:50.134" endtime="20210215 14:08:50.171"></status>
</kw>
<kw name="Click Element" library="SeleniumLibrary">
<doc>Click the element identified by ``locator``.</doc>
<arguments>
<arg>id=create</arg>
</arguments>
<msg timestamp="20210215 14:08:50.172" level="INFO">Clicking element 'id=create'.</msg>
<status status="PASS" starttime="20210215 14:08:50.171" endtime="20210215 14:08:50.318"></status>
</kw>
<kw name="Input Text" library="SeleniumLibrary">
<doc>Types the given ``text`` into the text field identified by ``locator``.</doc>
<arguments>
<arg>id=formGroupExampleInput</arg>
<arg>a</arg>
</arguments>
<msg timestamp="20210215 14:08:50.318" level="INFO">Typing text 'a' into text field 'id=formGroupExampleInput'.</msg>
<status status="PASS" starttime="20210215 14:08:50.318" endtime="20210215 14:08:50.387"></status>
</kw>
<kw name="Input Text" library="SeleniumLibrary">
<doc>Types the given ``text`` into the text field identified by ``locator``.</doc>
<arguments>
<arg>id=exampleFormControlInput1</arg>
<arg>a</arg>
</arguments>
<msg timestamp="20210215 14:08:50.387" level="INFO">Typing text 'a' into text field 'id=exampleFormControlInput1'.</msg>
<status status="PASS" starttime="20210215 14:08:50.387" endtime="20210215 14:08:50.449"></status>
</kw>
<kw name="Click Element" library="SeleniumLibrary">
<doc>Click the element identified by ``locator``.</doc>
<arguments>
<arg>id=Submit</arg>
</arguments>
<msg timestamp="20210215 14:08:50.450" level="INFO">Clicking element 'id=Submit'.</msg>
<status status="PASS" starttime="20210215 14:08:50.449" endtime="20210215 14:08:50.681"></status>
</kw>
<kw name="Click Element" library="SeleniumLibrary">
<doc>Click the element identified by ``locator``.</doc>
<arguments>
<arg>id=logout</arg>
</arguments>
<msg timestamp="20210215 14:08:50.684" level="INFO">Clicking element 'id=logout'.</msg>
<status status="PASS" starttime="20210215 14:08:50.684" endtime="20210215 14:08:50.778"></status>
</kw>
<kw name="Click Element" library="SeleniumLibrary">
<doc>Click the element identified by ``locator``.</doc>
<arguments>
<arg>id=connect</arg>
</arguments>
<msg timestamp="20210215 14:08:50.779" level="INFO">Clicking element 'id=connect'.</msg>
<status status="PASS" starttime="20210215 14:08:50.779" endtime="20210215 14:08:50.877"></status>
</kw>
<kw name="Input Text" library="SeleniumLibrary">
<doc>Types the given ``text`` into the text field identified by ``locator``.</doc>
<arguments>
<arg>id=formGroupExampleInput</arg>
<arg>a</arg>
</arguments>
<msg timestamp="20210215 14:08:50.878" level="INFO">Typing text 'a' into text field 'id=formGroupExampleInput'.</msg>
<status status="PASS" starttime="20210215 14:08:50.878" endtime="20210215 14:08:50.955"></status>
</kw>
<kw name="Input Text" library="SeleniumLibrary">
<doc>Types the given ``text`` into the text field identified by ``locator``.</doc>
<arguments>
<arg>id=exampleFormControlInput1</arg>
<arg>a</arg>
</arguments>
<msg timestamp="20210215 14:08:50.956" level="INFO">Typing text 'a' into text field 'id=exampleFormControlInput1'.</msg>
<status status="PASS" starttime="20210215 14:08:50.956" endtime="20210215 14:08:51.022"></status>
</kw>
<kw name="Click Element" library="SeleniumLibrary">
<doc>Click the element identified by ``locator``.</doc>
<arguments>
<arg>id=Submit</arg>
</arguments>
<msg timestamp="20210215 14:08:51.023" level="INFO">Clicking element 'id=Submit'.</msg>
<status status="PASS" starttime="20210215 14:08:51.023" endtime="20210215 14:08:51.226"></status>
</kw>
<kw name="Close Browser" library="SeleniumLibrary">
<doc>Closes the current browser.</doc>
<status status="PASS" starttime="20210215 14:08:51.226" endtime="20210215 14:08:53.372"></status>
</kw>
<doc>Création d'un compte et connexion</doc>
<status status="PASS" starttime="20210215 14:08:47.367" endtime="20210215 14:08:53.374" critical="yes"></status>
</test>
<doc>Test nouveau compte</doc>
<status status="PASS" starttime="20210215 14:08:47.168" endtime="20210215 14:08:53.388"></status>
</suite>
<statistics>
<total>
<stat pass="1" fail="0">Critical Tests</stat>
<stat pass="1" fail="0">All Tests</stat>
</total>
<tag>
</tag>
<suite>
<stat pass="1" fail="0" id="s1" name="Tests Creation">Tests Creation</stat>
</suite>
</statistics>
<errors>
<msg timestamp="20210215 14:08:47.186" level="ERROR">Error in file 'C:\wamp\www\API_Projet\ServiceWeb\Tests\tests_creation.robot' on line 11: Importing test library 'Selenium2Library' failed: ModuleNotFoundError: No module named 'Selenium2Library'
Traceback (most recent call last):
  None
PYTHONPATH:
  C:\Users\damie\AppData\Local\Programs\Python\Python39\Scripts\robot.exe
  c:\users\damie\appdata\local\programs\python\python39\python39.zip
  c:\users\damie\appdata\local\programs\python\python39\DLLs
  c:\users\damie\appdata\local\programs\python\python39\lib
  c:\users\damie\appdata\local\programs\python\python39
  C:\Users\damie\AppData\Roaming\Python\Python39\site-packages
  c:\users\damie\appdata\local\programs\python\python39\lib\site-packages</msg>
</errors>
</robot>
